Determining if the pthread_create exist failed with the following output:
Change Dir: /home/zyc/catkin_ws/src/cmake-build-debug/CMakeFiles/CMakeTmp

Run Build Command:"/usr/bin/make" "cmTC_e6883/fast"
/usr/bin/make -f CMakeFiles/cmTC_e6883.dir/build.make CMakeFiles/cmTC_e6883.dir/build
make[1]: 进入目录“/home/zyc/catkin_ws/src/cmake-build-debug/CMakeFiles/CMakeTmp”
Building C object CMakeFiles/cmTC_e6883.dir/CheckSymbolExists.c.o
/usr/bin/cc    -o CMakeFiles/cmTC_e6883.dir/CheckSymbolExists.c.o   -c /home/zyc/catkin_ws/src/cmake-build-debug/CMakeFiles/CMakeTmp/CheckSymbolExists.c
Linking C executable cmTC_e6883
/home/zyc/.local/share/JetBrains/Toolbox/apps/CLion/ch-0/183.5429.37/bin/cmake/linux/bin/cmake -E cmake_link_script CMakeFiles/cmTC_e6883.dir/link.txt --verbose=1
/usr/bin/cc      -rdynamic CMakeFiles/cmTC_e6883.dir/CheckSymbolExists.c.o  -o cmTC_e6883 
CMakeFiles/cmTC_e6883.dir/CheckSymbolExists.c.o：在函数‘main’中：
CheckSymbolExists.c:(.text+0x1b)：对‘pthread_create’未定义的引用
collect2: error: ld returned 1 exit status
CMakeFiles/cmTC_e6883.dir/build.make:86: recipe for target 'cmTC_e6883' failed
make[1]: *** [cmTC_e6883] Error 1
make[1]: 离开目录“/home/zyc/catkin_ws/src/cmake-build-debug/CMakeFiles/CMakeTmp”
Makefile:121: recipe for target 'cmTC_e6883/fast' failed
make: *** [cmTC_e6883/fast] Error 2

File /home/zyc/catkin_ws/src/cmake-build-debug/CMakeFiles/CMakeTmp/CheckSymbolExists.c:
/* */
#include <pthread.h>

int main(int argc, char** argv)
{
  (void)argv;
#ifndef pthread_create
  return ((int*)(&pthread_create))[argc];
#else
  (void)argc;
  return 0;
#endif
}

Determining if the function pthread_create exists in the pthreads failed with the following output:
Change Dir: /home/zyc/catkin_ws/src/cmake-build-debug/CMakeFiles/CMakeTmp

Run Build Command:"/usr/bin/make" "cmTC_657a8/fast"
/usr/bin/make -f CMakeFiles/cmTC_657a8.dir/build.make CMakeFiles/cmTC_657a8.dir/build
make[1]: 进入目录“/home/zyc/catkin_ws/src/cmake-build-debug/CMakeFiles/CMakeTmp”
Building C object CMakeFiles/cmTC_657a8.dir/CheckFunctionExists.c.o
/usr/bin/cc   -DCHECK_FUNCTION_EXISTS=pthread_create   -o CMakeFiles/cmTC_657a8.dir/CheckFunctionExists.c.o   -c /home/zyc/.local/share/JetBrains/Toolbox/apps/CLion/ch-0/183.5429.37/bin/cmake/linux/share/cmake-3.13/Modules/CheckFunctionExists.c
Linking C executable cmTC_657a8
/home/zyc/.local/share/JetBrains/Toolbox/apps/CLion/ch-0/183.5429.37/bin/cmake/linux/bin/cmake -E cmake_link_script CMakeFiles/cmTC_657a8.dir/link.txt --verbose=1
/usr/bin/cc  -DCHECK_FUNCTION_EXISTS=pthread_create    -rdynamic CMakeFiles/cmTC_657a8.dir/CheckFunctionExists.c.o  -o cmTC_657a8 -lpthreads 
/usr/bin/ld: 找不到 -lpthreads
collect2: error: ld returned 1 exit status
CMakeFiles/cmTC_657a8.dir/build.make:86: recipe for target 'cmTC_657a8' failed
make[1]: *** [cmTC_657a8] Error 1
make[1]: 离开目录“/home/zyc/catkin_ws/src/cmake-build-debug/CMakeFiles/CMakeTmp”
Makefile:121: recipe for target 'cmTC_657a8/fast' failed
make: *** [cmTC_657a8/fast] Error 2


